2024-07-29 14:45 - INFO - Connecting to crowdedness DB on localhost:5432
2024-07-29 14:45 - INFO - Creating table crowdedness
2024-07-29 14:45 - INFO - Database Initialized
2024-07-29 14:45 - INFO - Pushing data
2024-07-29 14:45 - INFO - Data pushed to database
2024-07-29 16:12 - INFO - Loading Database Credentials
2024-07-29 16:12 - INFO - Connecting to crowdedness DB on localhost:5432
2024-07-29 16:13 - INFO - Loading Database Credentials
2024-07-29 16:13 - INFO - Connecting to crowdedness DB on localhost:5432
2024-07-29 16:13 - INFO - Loading Database Credentials
2024-07-29 16:13 - INFO - Connecting to crowdedness DB on localhost:5432
2024-07-29 16:13 - INFO - Loading Database Credentials
2024-07-29 16:13 - INFO - Connecting to crowdedness DB on localhost:5432
2024-07-30 14:48 - INFO - Loading Database Credentials
2024-07-30 14:48 - INFO - Connecting to crowdedness DB on localhost:5432
2024-07-30 14:50 - INFO - Loading Database Credentials
2024-07-30 14:50 - INFO - Connecting to crowdedness DB on localhost:5432
2024-07-30 15:47 - INFO - Loading Database Credentials
2024-07-30 15:47 - INFO - Connecting to crowdedness DB on localhost:5432
2024-07-30 15:48 - INFO - Loading Database Credentials
2024-07-30 15:48 - INFO - Connecting to crowdedness DB on localhost:5432
2024-07-30 15:51 - INFO - Loading Database Credentials
2024-07-30 15:51 - INFO - Connecting to crowdedness DB on localhost:5432
2024-07-30 15:52 - INFO - Loading Database Credentials
2024-07-30 15:52 - INFO - Connecting to crowdedness DB on localhost:5432
2024-07-30 15:52 - INFO - Loading Database Credentials
2024-07-30 15:52 - INFO - Connecting to crowdedness DB on localhost:5432
2024-07-30 15:54 - INFO - Loading Database Credentials
2024-07-30 15:54 - INFO - Connecting to crowdedness DB on localhost:5432
2024-07-30 15:56 - INFO - Loading Database Credentials
2024-07-30 15:56 - INFO - Connecting to crowdedness DB on localhost:5432
2024-07-30 15:57 - INFO - Loading Database Credentials
2024-07-30 15:57 - INFO - Connecting to crowdedness DB on localhost:5432
2024-07-30 15:58 - INFO - Loading Database Credentials
2024-07-30 15:58 - INFO - Connecting to crowdedness DB on localhost:5432
2024-07-30 15:59 - INFO - Loading Database Credentials
2024-07-30 15:59 - INFO - Connecting to crowdedness DB on localhost:5432
2024-07-30 16:00 - INFO - Loading Database Credentials
2024-07-30 16:00 - INFO - Connecting to crowdedness DB on localhost:5432
2024-07-30 16:07 - INFO - Loading Database Credentials
2024-07-30 16:07 - INFO - Connecting to crowdedness DB on localhost:5432
2024-07-30 21:28 - INFO - Loading Database Credentials
2024-07-30 21:28 - INFO - Connecting to crowdedness DB on localhost:5432
2024-07-30 21:28 - INFO - Loading Database Credentials
2024-07-30 21:28 - INFO - Connecting to crowdedness DB on localhost:5432
2024-07-30 21:29 - INFO - Loading Database Credentials
2024-07-30 21:29 - INFO - Connecting to crowdedness DB on localhost:5432
2024-07-30 21:30 - INFO - Loading Database Credentials
2024-07-30 21:30 - INFO - Connecting to crowdedness DB on localhost:5432
2024-07-30 21:31 - INFO - Loading Database Credentials
2024-07-30 21:31 - INFO - Connecting to crowdedness DB on localhost:5432
2024-07-30 22:44 - INFO - Loading Database Credentials
2024-07-30 22:44 - INFO - Connecting to crowdedness DB on localhost:5432
2024-07-31 10:36 - INFO - Loading Database Credentials
2024-07-31 10:36 - INFO - Connecting to crowdedness DB on localhost:5432
2024-07-31 10:36 - INFO - Connected to Database
2024-07-31 10:36 - INFO - Creating table crowdedness
2024-07-31 10:36 - INFO - Database Initialized
2024-07-31 10:36 - INFO - Pushing data
2024-07-31 10:37 - INFO - Data pushed to database
