
2024-07-29 13:57 - INFO - Starting ETL Pipeline
2024-07-29 13:57 - INFO - Processing data/raw/week_6.csv.zip
2024-07-29 13:57 - INFO - Unzipping data/raw/week_6.csv.zip to /var/folders/5_/7z8lzq913cl3q8m0z5pnmpjr0000gn/T/tmpnbba7ovv
2024-07-29 13:57 - INFO - Processing 6th_week.csv
2024-07-29 14:04 - INFO - Saving to data/processed/points_per_district_week_5.parquet
2024-07-29 14:05 - INFO - Moving data/raw/week_6.csv.zip to data/raw/extracted
2024-07-29 14:05 - INFO - Concatenating dataframes
2024-07-29 14:05 - INFO - Dataset created
2024-07-30 14:48 - INFO - Starting ETL Pipeline
2024-07-30 14:48 - INFO - Starting ETL Pipeline
2024-07-30 14:50 - INFO - Starting ETL Pipeline
2024-07-30 14:51 - INFO - Starting ETL Pipeline
2024-07-30 14:53 - INFO - Starting ETL Pipeline
2024-07-30 14:53 - INFO - Starting ETL Pipeline
2024-07-30 14:55 - INFO - Starting ETL Pipeline
2024-07-30 14:59 - INFO - Starting ETL Pipeline
2024-07-30 15:01 - INFO - Starting ETL Pipeline
2024-07-30 15:01 - INFO - Starting ETL Pipeline
2024-07-30 15:02 - INFO - Starting ETL Pipeline
2024-07-30 15:02 - INFO - Starting ETL Pipeline
2024-07-30 15:02 - INFO - Starting ETL Pipeline
2024-07-30 15:05 - INFO - Starting ETL Pipeline
2024-07-30 15:05 - INFO - Processing data/raw/week_1.csv.zip
2024-07-30 15:05 - INFO - Unzipping data/raw/week_1.csv.zip to /var/folders/5_/7z8lzq913cl3q8m0z5pnmpjr0000gn/T/tmp4w3sbr7u
2024-07-30 15:05 - INFO - Processing aprox1week.csv
2024-07-30 15:05 - INFO - Moving data/raw/week_1.csv.zip to data/raw/extracted
2024-07-30 15:06 - INFO - Starting ETL Pipeline
2024-07-30 15:06 - INFO - Processing data/raw/week_1.csv.zip
2024-07-30 15:06 - INFO - Unzipping data/raw/week_1.csv.zip to /var/folders/5_/7z8lzq913cl3q8m0z5pnmpjr0000gn/T/tmpxzekybfx
2024-07-30 15:06 - INFO - Processing aprox1week.csv
2024-07-30 15:13 - INFO - Moving data/raw/week_1.csv.zip to data/raw/extracted
2024-07-30 15:15 - INFO - Starting ETL Pipeline
2024-07-30 15:15 - INFO - Processing data/raw/week_1.csv.zip
2024-07-30 15:15 - INFO - Unzipping data/raw/week_1.csv.zip to /var/folders/5_/7z8lzq913cl3q8m0z5pnmpjr0000gn/T/tmpf0xn_ysx
2024-07-30 15:15 - INFO - Processing aprox1week.csv
2024-07-30 15:22 - INFO - Saving to data/processed/points_per_district_week_1.parquet
2024-07-30 15:22 - INFO - Moving data/raw/week_1.csv.zip to data/raw/extracted
2024-07-30 15:22 - INFO - Concatenating dataframes
2024-07-30 15:23 - INFO - Dataset created
2024-07-30 15:44 - INFO - Starting ETL Pipeline
2024-07-30 15:45 - INFO - Starting ETL Pipeline
2024-07-30 15:45 - INFO - Processing data/raw/week_1.csv.zip
2024-07-30 15:45 - INFO - Unzipping data/raw/week_1.csv.zip to /var/folders/5_/7z8lzq913cl3q8m0z5pnmpjr0000gn/T/tmpeus014te
2024-07-30 15:45 - INFO - Processing aprox1week.csv
2024-07-30 15:45 - INFO - Starting ETL Pipeline
2024-07-30 15:47 - INFO - Starting ETL Pipeline
2024-07-30 15:47 - INFO - Starting ETL Pipeline
2024-07-30 15:48 - INFO - Starting ETL Pipeline
2024-07-30 15:49 - INFO - Saving to data/processed/points_per_district_week_1.parquet
2024-07-30 15:50 - INFO - Moving data/raw/week_1.csv.zip to data/raw/extracted
2024-07-30 15:50 - INFO - Concatenating dataframes
2024-07-30 15:50 - INFO - Dataset created
2024-07-30 15:51 - INFO - Starting ETL Pipeline
2024-07-30 15:52 - INFO - Starting ETL Pipeline
2024-07-30 15:52 - INFO - Starting ETL Pipeline
2024-07-30 15:54 - INFO - Starting ETL Pipeline
2024-07-30 15:56 - INFO - Starting ETL Pipeline
2024-07-30 15:57 - INFO - Starting ETL Pipeline
2024-07-30 15:57 - WARNING - No new data has been pulled.
2024-07-30 15:58 - INFO - Starting ETL Pipeline
2024-07-30 15:58 - INFO - Connected to Database
2024-07-30 15:58 - INFO - Data pushed to database. Waiting for next batch
2024-07-30 15:58 - WARNING - No new data has been pulled.
2024-07-30 15:59 - INFO - Data pushed to database. Waiting for next batch
2024-07-30 15:59 - WARNING - No new data has been pulled.
2024-07-30 15:59 - INFO - Starting ETL Pipeline
2024-07-30 15:59 - INFO - Connected to Database
2024-07-30 15:59 - WARNING - No new data has been pulled.
2024-07-30 16:00 - INFO - Starting ETL Pipeline
2024-07-30 16:00 - INFO - Connected to Database
2024-07-30 16:00 - WARNING - No new data has been pulled.
2024-07-30 16:01 - INFO - Data pushed to database. Waiting for next batch
2024-07-30 16:02 - INFO - Data pushed to database. Waiting for next batch
2024-07-30 16:03 - INFO - Data pushed to database. Waiting for next batch
2024-07-30 16:07 - INFO - Starting ETL Pipeline
2024-07-30 16:07 - INFO - Connected to Database
2024-07-30 21:28 - INFO - Starting ETL Pipeline
2024-07-30 21:28 - INFO - Connected to Database
2024-07-30 21:28 - INFO - Starting ETL Pipeline
2024-07-30 21:28 - INFO - Connected to Database
2024-07-30 21:29 - INFO - Starting ETL Pipeline
2024-07-30 21:29 - INFO - Connected to Database
2024-07-30 21:29 - INFO - Data pushed to database. Waiting for next batch
2024-07-30 21:30 - INFO - Starting ETL Pipeline
2024-07-30 21:30 - INFO - Connected to Database
2024-07-30 21:30 - INFO - Data pushed to database. Waiting for next batch
2024-07-30 21:31 - INFO - Data pushed to database. Waiting for next batch
2024-07-30 21:31 - INFO - Starting ETL Pipeline
2024-07-30 21:31 - INFO - Starting ETL Pipeline
2024-07-30 21:31 - INFO - Starting ETL Pipeline
2024-07-30 21:31 - INFO - Connected to Database
2024-07-30 21:31 - INFO - Data pushed to database. Waiting for next batch
2024-07-30 22:44 - INFO - Starting ETL Pipeline
2024-07-30 22:44 - INFO - Starting ETL Pipeline
2024-07-30 22:44 - INFO - Processing data/raw/week_1.csv.zip
2024-07-30 22:44 - INFO - Unzipping data/raw/week_1.csv.zip to /var/folders/5_/7z8lzq913cl3q8m0z5pnmpjr0000gn/T/tmpgyk7dq72
2024-07-30 22:45 - INFO - Processing aprox1week.csv
2024-07-30 22:51 - INFO - Saving to data/processed/points_per_district_week_1.parquet
2024-07-30 22:51 - INFO - Moving data/raw/week_1.csv.zip to data/raw/extracted
2024-07-30 22:51 - INFO - Processing data/raw/week_2.csv.zip
2024-07-30 22:51 - INFO - Unzipping data/raw/week_2.csv.zip to /var/folders/5_/7z8lzq913cl3q8m0z5pnmpjr0000gn/T/tmpzdq47ut3
2024-07-30 22:52 - INFO - Processing 2nd_week.csv
2024-07-30 22:57 - INFO - Saving to data/processed/points_per_district_week_2.parquet
2024-07-30 22:57 - INFO - Moving data/raw/week_2.csv.zip to data/raw/extracted
2024-07-30 22:57 - INFO - Processing data/raw/week_3.csv.zip
2024-07-30 22:57 - INFO - Unzipping data/raw/week_3.csv.zip to /var/folders/5_/7z8lzq913cl3q8m0z5pnmpjr0000gn/T/tmpnixu17wi
2024-07-30 22:58 - INFO - Processing 3rd_week.csv
2024-07-30 23:04 - INFO - Saving to data/processed/points_per_district_week_3.parquet
2024-07-30 23:05 - INFO - Moving data/raw/week_3.csv.zip to data/raw/extracted
2024-07-30 23:05 - INFO - Processing data/raw/week_4.csv.zip
2024-07-30 23:05 - INFO - Unzipping data/raw/week_4.csv.zip to /var/folders/5_/7z8lzq913cl3q8m0z5pnmpjr0000gn/T/tmp0bmpx3u2
2024-07-30 23:05 - INFO - Processing 4th_week.csv
2024-07-30 23:12 - INFO - Saving to data/processed/points_per_district_week_4.parquet
2024-07-30 23:13 - INFO - Moving data/raw/week_4.csv.zip to data/raw/extracted
2024-07-30 23:13 - INFO - Processing data/raw/week_6.csv.zip
2024-07-30 23:13 - INFO - Unzipping data/raw/week_6.csv.zip to /var/folders/5_/7z8lzq913cl3q8m0z5pnmpjr0000gn/T/tmpd600kn64
2024-07-30 23:13 - INFO - Processing 6th_week.csv
2024-07-30 23:19 - INFO - Saving to data/processed/points_per_district_week_6.parquet
2024-07-30 23:20 - INFO - Moving data/raw/week_6.csv.zip to data/raw/extracted
2024-07-30 23:20 - INFO - Concatenating dataframes
2024-07-30 23:20 - INFO - Dataset created
